Change component parameters: Designator = "C1"; Footprint = "C2012"; UniqueID = "\OGBSLPUX"
Change component parameters. Clean all parameters for all variants
Change component parameters (AddParameter): Name = "LatestRevisionDate"; Value = "17-Jul-2002"; VariantName = "[No Variations]"
Change component parameters (AddParameter): Name = "LatestRevisionNote"; Value = "Re-released for DXP Platform."; VariantName = "[No Variations]"
Change component parameters (AddParameter): Name = "PackageReference"; Value = "RAD-0.3"; VariantName = "[No Variations]"
Change component parameters (AddParameter): Name = "Published"; Value = "8-Jun-2000"; VariantName = "[No Variations]"
Change component parameters (AddParameter): Name = "Publisher"; Value = "Altium Limited"; VariantName = "[No Variations]"
Change component parameters (AddParameter): Name = "Value"; Value = "0.1uF"; VariantName = "[No Variations]"
Change component parameters: Designator = "R1"; Footprint = "R2012"; UniqueID = "\COJTMVSC"
Change component parameters. Clean all parameters for all variants
Change component parameters (AddParameter): Name = "LatestRevisionDate"; Value = "17-Jul-2002"; VariantName = "[No Variations]"
Change component parameters (AddParameter): Name = "LatestRevisionNote"; Value = "Re-released for DXP Platform."; VariantName = "[No Variations]"
Change component parameters (AddParameter): Name = "PackageReference"; Value = "AXIAL-0.3"; VariantName = "[No Variations]"
Change component parameters (AddParameter): Name = "Published"; Value = "8-Jun-2000"; VariantName = "[No Variations]"
Change component parameters (AddParameter): Name = "Publisher"; Value = "Altium Limited"; VariantName = "[No Variations]"
Change component parameters (AddParameter): Name = "Value"; Value = "120R"; VariantName = "[No Variations]"
Change Net Name : Old Net Name=NetP9_485_1 New Net Name=NetR1_1
Change Net Name : Old Net Name=NetP9_485_2 New Net Name=NetR1_2
Added Member To Class: ClassName=Master_Sch Member=Component 3V3 Header 3
Added Member To Class: ClassName=Master_Sch Member=Component 5V Header 3
Added Member To Class: ClassName=Master_Sch Member=Component GND Header 3
Added Member To Class: ClassName=Master_Sch Member=Component GPS Header 5
Added Member To Class: ClassName=Master_Sch Member=Component Relay1 3Õë×ù×Ó
Added Member To Class: ClassName=Master_Sch Member=Component Relay2 Relay_single
Added Member To Class: ClassName=Master_Sch Member=Component RS485 3Õë×ù×Ó
Added Member To Class: ClassName=Master_Sch Member=Component Ser Header 3
Added Member To Class: ClassName=Master_Sch Member=Component UART Header 3
Added Room: Name=Master_Sch
