Added Component: Designator=C2(Cap1000uF)
Add component. Clean all parameters for all variants
Added Component: Designator=C3(Cap104)
Add component. Clean all parameters for all variants
Added Component: Designator=C4(Cap100uF)
Add component. Clean all parameters for all variants
Added Component: Designator=C5(Cap104)
Add component. Clean all parameters for all variants
Added Component: Designator=D1(1N4007)
Add component. Clean all parameters for all variants
Added Component: Designator=D2(1N4007)
Add component. Clean all parameters for all variants
Added Component: Designator=D3(1N4007)
Add component. Clean all parameters for all variants
Added Component: Designator=D4(1N4007)
Add component. Clean all parameters for all variants
Added Component: Designator=D5(1N4007)
Add component. Clean all parameters for all variants
Added Component: Designator=D6(1N4007)
Add component. Clean all parameters for all variants
Added Component: Designator=P1_IN(2Õë×ù×Ó)
Add component. Clean all parameters for all variants
Added Component: Designator=P9_485(3Õë×ù×Ó)
Add component. Clean all parameters for all variants
Added Component: Designator=P10_Relay1(3Õë×ù×Ó)
Add component. Clean all parameters for all variants
Added Component: Designator=P11_Relay2(3Õë×ù×Ó)
Add component. Clean all parameters for all variants
Added Component: Designator=R2(AXIAL-0.3)
Add component. Clean all parameters for all variants
Add component (AddParameter): Name = "LatestRevisionDate"; Value = "17-Jul-2002"; VariantName = "[No Variations]"
Add component (AddParameter): Name = "LatestRevisionNote"; Value = "Re-released for DXP Platform."; VariantName = "[No Variations]"
Add component (AddParameter): Name = "PackageDescription"; Value = "Axial Device, Thru-Hole; 2 Leads; 0.3 in Pin Spacing"; VariantName = "[No Variations]"
Add component (AddParameter): Name = "PackageReference"; Value = "AXIAL-0.3"; VariantName = "[No Variations]"
Add component (AddParameter): Name = "Published"; Value = "8-Jun-2000"; VariantName = "[No Variations]"
Add component (AddParameter): Name = "Publisher"; Value = "Altium Limited"; VariantName = "[No Variations]"
Add component (AddParameter): Name = "Value"; Value = "3.6K"; VariantName = "[No Variations]"
Added Component: Designator=R3(AXIAL-0.3)
Add component. Clean all parameters for all variants
Add component (AddParameter): Name = "LatestRevisionDate"; Value = "17-Jul-2002"; VariantName = "[No Variations]"
Add component (AddParameter): Name = "LatestRevisionNote"; Value = "Re-released for DXP Platform."; VariantName = "[No Variations]"
Add component (AddParameter): Name = "PackageDescription"; Value = "Axial Device, Thru-Hole; 2 Leads; 0.3 in Pin Spacing"; VariantName = "[No Variations]"
Add component (AddParameter): Name = "PackageReference"; Value = "AXIAL-0.3"; VariantName = "[No Variations]"
Add component (AddParameter): Name = "Published"; Value = "8-Jun-2000"; VariantName = "[No Variations]"
Add component (AddParameter): Name = "Publisher"; Value = "Altium Limited"; VariantName = "[No Variations]"
Add component (AddParameter): Name = "Value"; Value = "3.6K"; VariantName = "[No Variations]"
Added Component: Designator=R4(AXIAL-0.3)
Add component. Clean all parameters for all variants
Add component (AddParameter): Name = "LatestRevisionDate"; Value = "17-Jul-2002"; VariantName = "[No Variations]"
Add component (AddParameter): Name = "LatestRevisionNote"; Value = "Re-released for DXP Platform."; VariantName = "[No Variations]"
Add component (AddParameter): Name = "PackageDescription"; Value = "Axial Device, Thru-Hole; 2 Leads; 0.3 in Pin Spacing"; VariantName = "[No Variations]"
Add component (AddParameter): Name = "PackageReference"; Value = "AXIAL-0.3"; VariantName = "[No Variations]"
Add component (AddParameter): Name = "Published"; Value = "8-Jun-2000"; VariantName = "[No Variations]"
Add component (AddParameter): Name = "Publisher"; Value = "Altium Limited"; VariantName = "[No Variations]"
Add component (AddParameter): Name = "Value"; Value = "460"; VariantName = "[No Variations]"
Added Component: Designator=R5(AXIAL-0.3)
Add component. Clean all parameters for all variants
Add component (AddParameter): Name = "LatestRevisionDate"; Value = "17-Jul-2002"; VariantName = "[No Variations]"
Add component (AddParameter): Name = "LatestRevisionNote"; Value = "Re-released for DXP Platform."; VariantName = "[No Variations]"
Add component (AddParameter): Name = "PackageDescription"; Value = "Axial Device, Thru-Hole; 2 Leads; 0.3 in Pin Spacing"; VariantName = "[No Variations]"
Add component (AddParameter): Name = "PackageReference"; Value = "AXIAL-0.3"; VariantName = "[No Variations]"
Add component (AddParameter): Name = "Published"; Value = "8-Jun-2000"; VariantName = "[No Variations]"
Add component (AddParameter): Name = "Publisher"; Value = "Altium Limited"; VariantName = "[No Variations]"
Add component (AddParameter): Name = "Value"; Value = "460"; VariantName = "[No Variations]"
Added Component: Designator=Relay1(Relay_single)
Add component. Clean all parameters for all variants
Added Component: Designator=Relay2(Relay_single)
Add component. Clean all parameters for all variants
Added Component: Designator=S1(S9013_NPN)
Add component. Clean all parameters for all variants
Added Component: Designator=S2(S9013_NPN)
Add component. Clean all parameters for all variants
Added Component: Designator=U1(STM32_F4)
Add component. Clean all parameters for all variants
Added Component: Designator=U4(DTU)
Add component. Clean all parameters for all variants
Added Component: Designator=U7(L7805CV)
Add component. Clean all parameters for all variants
Added Pin To Net: NetName=GND Pin=C2-2
Added Pin To Net: NetName=GND Pin=C3-2
Added Pin To Net: NetName=VCC_5 Pin=C4-1
Added Pin To Net: NetName=GND Pin=C4-2
Added Pin To Net: NetName=VCC_5 Pin=C5-1
Added Pin To Net: NetName=GND Pin=C5-2
Added Pin To Net: NetName=GND Pin=D1-1
Added Pin To Net: NetName=GND Pin=D3-1
Added Pin To Net: NetName=NetD5_1 Pin=D5-1
Added Pin To Net: NetName=VCC_5 Pin=D5-2
Added Pin To Net: NetName=NetD6_1 Pin=D6-1
Added Pin To Net: NetName=VCC_5 Pin=D6-2
Added Pin To Net: NetName=NetP9_485_1 Pin=P9_485-1
Added Pin To Net: NetName=NetP9_485_2 Pin=P9_485-2
Added Pin To Net: NetName=GND Pin=P9_485-3
Added Pin To Net: NetName=Relay1_1 Pin=P10_Relay1-1
Added Pin To Net: NetName=Relay1_2 Pin=P10_Relay1-2
Added Pin To Net: NetName=Relay1_3 Pin=P10_Relay1-3
Added Pin To Net: NetName=Relay2_1 Pin=P11_Relay2-1
Added Pin To Net: NetName=Relay2_2 Pin=P11_Relay2-2
Added Pin To Net: NetName=Relay2_3 Pin=P11_Relay2-3
Added Pin To Net: NetName=NetR2_1 Pin=R2-1
Added Pin To Net: NetName=GND Pin=R2-2
Added Pin To Net: NetName=NetR3_1 Pin=R3-1
Added Pin To Net: NetName=GND Pin=R3-2
Added Pin To Net: NetName=Relay1 Pin=R4-1
Added Pin To Net: NetName=NetR2_1 Pin=R4-2
Added Pin To Net: NetName=Relay2 Pin=R5-1
Added Pin To Net: NetName=NetR3_1 Pin=R5-2
Added Pin To Net: NetName=NetD5_1 Pin=Relay1-1
Added Pin To Net: NetName=VCC_5 Pin=Relay1-2
Added Pin To Net: NetName=Relay1_2 Pin=Relay1-3
Added Pin To Net: NetName=Relay1_3 Pin=Relay1-4
Added Pin To Net: NetName=Relay1_1 Pin=Relay1-5
Added Pin To Net: NetName=NetD6_1 Pin=Relay2-1
Added Pin To Net: NetName=VCC_5 Pin=Relay2-2
Added Pin To Net: NetName=Relay2_2 Pin=Relay2-3
Added Pin To Net: NetName=Relay2_3 Pin=Relay2-4
Added Pin To Net: NetName=Relay2_1 Pin=Relay2-5
Added Pin To Net: NetName=NetD5_1 Pin=S1-1
Added Pin To Net: NetName=NetR2_1 Pin=S1-2
Added Pin To Net: NetName=GND Pin=S1-3
Added Pin To Net: NetName=NetD6_1 Pin=S2-1
Added Pin To Net: NetName=NetR3_1 Pin=S2-2
Added Pin To Net: NetName=GND Pin=S2-3
Added Pin To Net: NetName=VCC_5 Pin=U1-1
Added Pin To Net: NetName=VCC_3.3 Pin=U1-2
Added Pin To Net: NetName=GND Pin=U1-3
Added Pin To Net: NetName=Ser_TX Pin=U1-11
Added Pin To Net: NetName=UART_TX Pin=U1-13
Added Pin To Net: NetName=485_TX Pin=U1-14
Added Pin To Net: NetName=485_DE Pin=U1-22
Added Pin To Net: NetName=VCC_5 Pin=U1-23
Added Pin To Net: NetName=VCC_3.3 Pin=U1-24
Added Pin To Net: NetName=Ser_RX Pin=U1-33
Added Pin To Net: NetName=485_RX Pin=U1-38
Added Pin To Net: NetName=485_RE Pin=U1-44
Added Pin To Net: NetName=VCC_3.3 Pin=U1-45
Added Pin To Net: NetName=Relay2 Pin=U1-50
Added Pin To Net: NetName=GPS_RX Pin=U1-51
Added Pin To Net: NetName=Ser_LIKC Pin=U1-52
Added Pin To Net: NetName=Ser_LIKA Pin=U1-53
Added Pin To Net: NetName=UART_RX Pin=U1-61
Added Pin To Net: NetName=Ser_IO_RT Pin=U1-65
Added Pin To Net: NetName=VCC_3.3 Pin=U1-67
Added Pin To Net: NetName=Relay1 Pin=U1-71
Added Pin To Net: NetName=GPS_TX Pin=U1-72
Added Pin To Net: NetName=Ser_LIKD Pin=U1-73
Added Pin To Net: NetName=Ser_LIKB Pin=U1-74
Added Pin To Net: NetName=Ser_STAT Pin=U1-75
Added Pin To Net: NetName=GPS_PPS Pin=U1-77
Added Pin To Net: NetName=Ser_RST Pin=U1-87
Added Pin To Net: NetName=Ser_RST Pin=U4-1
Added Pin To Net: NetName=Ser_IO_RT Pin=U4-2
Added Pin To Net: NetName=Ser_LIKA Pin=U4-3
Added Pin To Net: NetName=Ser_LIKB Pin=U4-4
Added Pin To Net: NetName=Ser_STAT Pin=U4-6
Added Pin To Net: NetName=Ser_RX Pin=U4-7
Added Pin To Net: NetName=Ser_TX Pin=U4-8
Added Pin To Net: NetName=GND Pin=U4-13
Added Pin To Net: NetName=VCC_5 Pin=U4-16
Added Pin To Net: NetName=GND Pin=U4-17
Added Pin To Net: NetName=GND Pin=U4-18
Added Pin To Net: NetName=Ser_LIKD Pin=U4-24
Added Pin To Net: NetName=Ser_LIKC Pin=U4-25
Added Pin To Net: NetName=GND Pin=U7-2
Added Pin To Net: NetName=VCC_5 Pin=U7-3
Added Pin To Net: NetName=VCC_1 Pin=D1-2
Added Pin To Net: NetName=VCC_1 Pin=D2-1
Added Pin To Net: NetName=VCC_1 Pin=P1_IN-1
Added Net: Name=VCC_1
Added Pin To Net: NetName=VCC_2 Pin=D3-2
Added Pin To Net: NetName=VCC_2 Pin=D4-1
Added Pin To Net: NetName=VCC_2 Pin=P1_IN-2
Added Net: Name=VCC_2
Added Pin To Net: NetName=VCC_IN Pin=C2-1
Added Pin To Net: NetName=VCC_IN Pin=C3-1
Added Pin To Net: NetName=VCC_IN Pin=D2-2
Added Pin To Net: NetName=VCC_IN Pin=D4-2
Added Pin To Net: NetName=VCC_IN Pin=U7-1
Added Net: Name=VCC_IN
Added Member To Class: ClassName=Master_Sch Member=Component C2 Cap1000uF
Added Member To Class: ClassName=Master_Sch Member=Component C3 Cap104
Added Member To Class: ClassName=Master_Sch Member=Component C4 Cap100uF
Added Member To Class: ClassName=Master_Sch Member=Component C5 Cap104
Added Member To Class: ClassName=Master_Sch Member=Component D1 1N4007
Added Member To Class: ClassName=Master_Sch Member=Component D2 1N4007
Added Member To Class: ClassName=Master_Sch Member=Component D3 1N4007
Added Member To Class: ClassName=Master_Sch Member=Component D4 1N4007
Added Member To Class: ClassName=Master_Sch Member=Component D5 1N4007
Added Member To Class: ClassName=Master_Sch Member=Component D6 1N4007
Added Member To Class: ClassName=Master_Sch Member=Component P1_IN 2Õë×ù×Ó
Added Member To Class: ClassName=Master_Sch Member=Component P9_485 3Õë×ù×Ó
Added Member To Class: ClassName=Master_Sch Member=Component P10_Relay1 3Õë×ù×Ó
Added Member To Class: ClassName=Master_Sch Member=Component P11_Relay2 3Õë×ù×Ó
Added Member To Class: ClassName=Master_Sch Member=Component R2 Res1
Added Member To Class: ClassName=Master_Sch Member=Component R3 Res1
Added Member To Class: ClassName=Master_Sch Member=Component R4 Res1
Added Member To Class: ClassName=Master_Sch Member=Component R5 Res1
Added Member To Class: ClassName=Master_Sch Member=Component Relay1 Relay_single
Added Member To Class: ClassName=Master_Sch Member=Component Relay2 Relay_single
Added Member To Class: ClassName=Master_Sch Member=Component S1 S9013_NPN
Added Member To Class: ClassName=Master_Sch Member=Component S2 S9013_NPN
Added Member To Class: ClassName=Master_Sch Member=Component U1 STM32_F4
Added Member To Class: ClassName=Master_Sch Member=Component U4 DTU
Added Member To Class: ClassName=Master_Sch Member=Component U7 L7805CV
Added Room: Name=Master_Sch
